-1.368163835764843971e+05
-1.333003310828948743e+05
-1.327921312974147149e+05
-1.319748544742537197e+05
-1.312883745489778812e+05
-1.301307444750438444e+05
-1.290362154755354713e+05
-1.281826766070356680e+05
-1.276635046536616137e+05
-1.271592706330744404e+05
-1.272194660358591500e+05
-1.266471957468940527e+05
-1.269445847086081048e+05
-1.261362479805535841e+05
-1.262271831606837804e+05
-1.251960286276873667e+05
-1.249889402539678995e+05
-1.240776378027495084e+05
-1.238645349318642402e+05
-1.232819891235172399e+05
-1.231899447037435020e+05
-1.227987443047629640e+05
-1.228298143086632481e+05
-1.225480222499196389e+05
-1.227153030399678391e+05
-1.225443438502860663e+05
-1.227850752903468820e+05
-1.227039074456113449e+05
-1.229527240613093745e+05
-1.229506482044317818e+05
-1.232070682051872427e+05
-1.232674428018359758e+05
-1.235369772958926187e+05
-1.235940595355906116e+05
-1.238440221512026328e+05
-1.238220978741511499e+05
-1.240282622713391465e+05
-1.239035288338500686e+05
-1.240825396817098517e+05
-1.238785421558509697e+05
-1.240648147371287632e+05
-1.238136513964205660e+05
-1.240201976748332381e+05
-1.237435029289037775e+05
-1.239625749399905035e+05
-1.236758437150473474e+05
-1.238975716640350292e+05
-1.236038523051941156e+05
-1.238232305125084677e+05
-1.235280485361955070e+05
-1.237585015256020124e+05
-1.234819443174152257e+05
-1.237329703199854266e+05
-1.234700609709365963e+05
-1.237334673604368436e+05
-1.234702826806542726e+05
-1.237413437558575970e+05
-1.234719442817858217e+05
-1.237520647833250841e+05
-1.234765930793747975e+05
-1.237674246107507061e+05
-1.234874339118657226e+05
-1.237881974653168290e+05
-1.235049875426913059e+05
-1.238128543710910599e+05
-1.235269761034146650e+05
-1.238387694869992265e+05
-1.235507105582424847e+05
-1.238642827988810168e+05
-1.235743556262074999e+05
-1.238881172443216346e+05
-1.235963250910120842e+05
-1.239091692996555648e+05
-1.236155759826468275e+05
-1.239269812229922245e+05
