-2.110868022092688625e+04
-1.792683692738759419e+04
-1.776347731899833889e+04
-1.749403512914424209e+04
-1.741311299098922973e+04
-1.717459403611264133e+04
-1.673583266945214928e+04
-1.648179027625328308e+04
-1.636741567328662313e+04
-1.605542483954259660e+04
-1.640611767238302127e+04
-1.597432719669093422e+04
-1.659585167748153253e+04
-1.614806146118115976e+04
-1.662124896559004264e+04
-1.610475008053453530e+04
-1.624058775064907786e+04
-1.574487207538016992e+04
-1.576584264047222678e+04
-1.541382919711862814e+04
-1.551117339861164874e+04
-1.521760859519309815e+04
-1.541546684313678452e+04
-1.512857581581437080e+04
-1.541945066774103907e+04
-1.518201834518933174e+04
-1.551700588124905153e+04
-1.534987292530762534e+04
-1.566960176983318343e+04
-1.556885318252667275e+04
-1.586333340801094710e+04
-1.581132084627260519e+04
-1.610145666808334499e+04
-1.605418919084441404e+04
-1.634414174133931192e+04
-1.624787483969628920e+04
-1.653204963593311913e+04
-1.636098337031879964e+04
-1.664315878353335211e+04
-1.640310601381976812e+04
-1.669623473138011832e+04
-1.641107934279895562e+04
-1.671973207988290596e+04
-1.641600843731103305e+04
-1.673011689578748701e+04
-1.642773516066947195e+04
-1.673566326480891075e+04
-1.644142515323034240e+04
-1.673702336544507489e+04
-1.645092903209075666e+04
-1.673799836296009744e+04
-1.646571188383377012e+04
-1.675474001967303047e+04
-1.649160828961984225e+04
-1.678339629891324512e+04
-1.651826543273813877e+04
-1.681262256816056833e+04
-1.653959513710874307e+04
-1.683905615059722913e+04
-1.655761444025100354e+04
-1.686393134342472331e+04
-1.657555791037492236e+04
-1.688813799166365061e+04
-1.659462226586011457e+04
-1.691102811512669723e+04
-1.661361767835087448e+04
-1.693120833171020422e+04
-1.663113887398250881e+04
-1.694847360138588556e+04
-1.664674814535935730e+04
-1.696296019966378663e+04
-1.666001712083775783e+04
-1.697443604393749047e+04
-1.667046250643558960e+04
-1.698264064351345587e+04
