-6.372496699932069168e+04
-6.360596639368286560e+04
-6.358363350103990524e+04
-6.324857767853464611e+04
-6.300115188236304675e+04
-6.253782163649859285e+04
-6.223668502365234599e+04
-6.185706685682494572e+04
-6.180980600850043265e+04
-6.156360360574733932e+04
-6.175815308920924144e+04
-6.144869525711115421e+04
-6.169267857476471545e+04
-6.123279745905010350e+04
-6.145427377342720865e+04
-6.099010396309351927e+04
-6.111015751062415802e+04
-6.078108168076393486e+04
-6.079792461485524836e+04
-6.061665805243009527e+04
-6.058477860863173555e+04
-6.047908061840935989e+04
-6.045068593377018988e+04
-6.038016216004384478e+04
-6.039057166862513986e+04
-6.033966215183571330e+04
-6.037768853721933556e+04
-6.033997387826782506e+04
-6.038734397442142654e+04
-6.036559993092972582e+04
-6.041558623521056143e+04
-6.040545505696646433e+04
-6.045318720496918831e+04
-6.043908913902736822e+04
-6.047742410382532398e+04
-6.044415695489310747e+04
-6.047192653098925803e+04
-6.041478375669896195e+04
-6.044058367713302141e+04
-6.036294642037076119e+04
-6.039823783926515898e+04
-6.030676328651673248e+04
-6.035654742278496269e+04
-6.025791868473493378e+04
-6.031846015304624598e+04
-6.021772415447952517e+04
-6.028222702923364704e+04
-6.018170579506315698e+04
-6.024439259520122869e+04
-6.014762017579333042e+04
-6.020678525895925850e+04
-6.012181026295557240e+04
-6.017624861449092714e+04
-6.010427574932250718e+04
-6.015082544362596673e+04
-6.008949684312054887e+04
-6.012801892875663907e+04
-6.007572093988736015e+04
-6.010813616633415222e+04
-6.006364714490420010e+04
-6.009200611120746908e+04
-6.005417789496055047e+04
-6.007983882479361637e+04
-6.004754946267591004e+04
-6.007125968676815683e+04
-6.004341818227704061e+04
-6.006554357578694180e+04
-6.004114185979698232e+04
-6.006176778775866114e+04
-6.003999849426617584e+04
-6.005906030450622347e+04
-6.003939890717289381e+04
-6.005692038521514041e+04
-6.003906180199176742e+04
-6.005531206964184821e+04
