-3.300516082478567114e+04
-3.300516082478567114e+04
-3.300516082478567114e+04
-3.300516082478567841e+04
-3.300516082478567114e+04
-3.300516082478567114e+04
-3.300516082478568569e+04
-3.300516082478567841e+04
-3.300516082478567841e+04
-3.300516082478567841e+04
-3.300516082478567841e+04
-3.300516082478567841e+04
-3.300516082478567114e+04
-3.300516082478567841e+04
-3.300516082478567114e+04
-3.300516082478567841e+04
-3.300516082478566386e+04
-3.300516082478567841e+04
-3.300516082478567841e+04
-3.300516082478567841e+04
-3.300516082478567114e+04
-3.300516082478567841e+04
-3.300516082478567114e+04
-3.300516082478567841e+04
-3.300516082478567841e+04
-3.300516082478567841e+04
-3.300516082478567841e+04
-3.300516082478568569e+04
-3.300516082478568569e+04
-3.300516082478567841e+04
-3.300516082478567114e+04
-3.300516082478567841e+04
-3.300516082478567841e+04
-3.300516082478567114e+04
-3.300516082478567841e+04
-3.300516082478568569e+04
-3.300516082478567114e+04
-3.300516082478568569e+04
-3.300516082478567114e+04
-3.300516082478567114e+04
-3.300516082478567841e+04
-3.300516082478568569e+04
-3.300516082478567841e+04
-3.300516082478567114e+04
-3.300516082478567841e+04
-3.300516082478567841e+04
-3.300516082478567841e+04
-3.300516082478567114e+04
-3.300516082478567841e+04
-3.300516082478567841e+04
-3.300516082478567114e+04
-3.300516082478567841e+04
-3.300516082478567841e+04
-3.300516082478567841e+04
-3.300516082478567841e+04
-3.300516082478567841e+04
-3.300516082478567114e+04
-3.300516082478567841e+04
-3.300516082478567114e+04
-3.300516082478566386e+04
-3.300516082478568569e+04
-3.300516082478567114e+04
-3.300516082478566386e+04
-3.300516082478567114e+04
-3.300516082478567841e+04
-3.300516082478567841e+04
-3.300516082478567841e+04
-3.300516082478567841e+04
-3.300516082478567841e+04
-3.300516082478566386e+04
-3.300516082478567114e+04
-3.300516082478567841e+04
-3.300516082478567114e+04
-3.300516082478567841e+04
-3.300516082478567841e+04
