-1.897757553145156999e+04
-1.876236693703913988e+04
-1.843985965259079239e+04
-1.822708084178913123e+04
-1.786894885083997360e+04
-1.741316797764678995e+04
-1.705853695764496661e+04
-1.683865864917165527e+04
-1.648112214708862302e+04
-1.653508136299839316e+04
-1.605003444948111792e+04
-1.621901246830651326e+04
-1.565089363157639309e+04
-1.575022823553660055e+04
-1.514649959688082708e+04
-1.509601375927354275e+04
-1.463303416790867414e+04
-1.454652322181946693e+04
-1.429560685175091203e+04
-1.424634104918262710e+04
-1.408883187171428108e+04
-1.409689426637482575e+04
-1.395850070697014235e+04
-1.403412344927552294e+04
-1.390011987881581808e+04
-1.401750252847509364e+04
-1.388522004709289104e+04
-1.400889981725003054e+04
-1.389061749226930624e+04
-1.401103426618941921e+04
-1.392298773717985750e+04
-1.404550607381130430e+04
-1.397717259805402318e+04
-1.409562038093277624e+04
-1.401729548125211841e+04
-1.412490525477646770e+04
-1.401912527963069988e+04
-1.412260088204669046e+04
-1.399363639625781616e+04
-1.410732889687450552e+04
-1.396518134169806035e+04
-1.409064794231898304e+04
-1.393875734737958919e+04
-1.406441498207201221e+04
-1.390883706637107935e+04
-1.402522357511267728e+04
-1.387452054520676211e+04
-1.397556053211469043e+04
-1.383665372707642928e+04
-1.392433850352608533e+04
-1.380855707889682526e+04
-1.388926134584027022e+04
-1.379682086103589063e+04
-1.386901610720831195e+04
-1.379408479311186056e+04
-1.385735958000971732e+04
-1.379554143415480212e+04
-1.385146738000368168e+04
-1.379971164160811168e+04
-1.385017066943359896e+04
-1.380632633133257150e+04
-1.385253728174432945e+04
-1.381505982407396914e+04
-1.385765498936937001e+04
-1.382540574441008539e+04
-1.386477941800111694e+04
-1.383685675471640207e+04
-1.387326899967739519e+04
-1.384888058495070254e+04
-1.388244816179639201e+04
-1.386093591536629719e+04
-1.389174823821572500e+04
-1.387265204571701906e+04
-1.390089084943380658e+04
-1.388386768505127839e+04
