-3.215379115700845887e+03
-3.086921485192363434e+03
-3.062995214664126706e+03
-2.976242592638106544e+03
-2.928006466266688676e+03
-2.863258155311402334e+03
-2.806358912315211910e+03
-2.761522112077551810e+03
-2.712926096993790452e+03
-2.690014269936751134e+03
-2.663386978972593170e+03
-2.660311465867913284e+03
-2.643622491726620865e+03
-2.647574301569681211e+03
-2.637057126604895075e+03
-2.640830304206863275e+03
-2.634537908388631422e+03
-2.634561096718706722e+03
-2.629220423188303812e+03
-2.627217167019218778e+03
-2.626463977916350814e+03
-2.626542866252450949e+03
-2.626672801030548726e+03
-2.618232801009371542e+03
-2.610814887529260432e+03
-2.608098186633293153e+03
-2.602166909715518159e+03
-2.607922305507329384e+03
-2.607606084688602550e+03
-2.613656260845748420e+03
-2.607197660788355279e+03
-2.610771929010680651e+03
-2.603378202210941254e+03
-2.606121049821818360e+03
-2.597640951761659380e+03
-2.596387834110629228e+03
-2.584423284605077697e+03
-2.578123064926028292e+03
-2.564968976684542667e+03
-2.561130501506301698e+03
-2.551679044392687501e+03
-2.555587469541283099e+03
-2.553347456949075422e+03
-2.561717032320061662e+03
-2.560842747021655669e+03
-2.571734285126909981e+03
-2.569747904300927075e+03
-2.581311119990063617e+03
-2.577434484175772013e+03
-2.583758338512565388e+03
