-1.337472199495065724e+06
-1.279207910775185796e+06
-1.269938228514651069e+06
-1.253870450424303068e+06
-1.242246897644056240e+06
-1.234434452757256338e+06
-1.227516315908297896e+06
-1.217883246975550428e+06
-1.213109881964220433e+06
-1.201547882360626012e+06
-1.200376236645449884e+06
-1.196056103984203190e+06
-1.197628735012322664e+06
-1.196011357180122752e+06
-1.198159620829118881e+06
-1.194902222559307935e+06
-1.197085985952243907e+06
-1.191296668556068325e+06
-1.191817669797618873e+06
-1.187299643423171714e+06
-1.186995871553240344e+06
-1.184322041854497278e+06
-1.184974983703617239e+06
-1.183237214046972571e+06
-1.184524969537862344e+06
-1.181995073305411730e+06
-1.184549864597213222e+06
-1.181513588142216671e+06
-1.185246343306385446e+06
-1.182200674390266184e+06
-1.186030179800599115e+06
-1.183239701593769249e+06
-1.186642367820522748e+06
-1.184308086108417017e+06
-1.187660646950744092e+06
-1.185653212075253250e+06
-1.189259219866699073e+06
-1.187202096104793018e+06
-1.190971261035532225e+06
-1.188742533898003865e+06
-1.192504435943127610e+06
-1.190264900517001050e+06
-1.194012723296119366e+06
-1.191930529697438469e+06
-1.195635000355131924e+06
-1.193632975304069929e+06
-1.197176168339321390e+06
-1.194995817297139904e+06
-1.198424744712683605e+06
-1.195899729718318675e+06
-1.199443884174289647e+06
-1.196582280027817236e+06
-1.200357350860290928e+06
-1.197224951920498395e+06
-1.201229051934215240e+06
-1.198024418872904498e+06
-1.202321949188694358e+06
-1.199154007083887001e+06
-1.203692136049983092e+06
-1.200485355594850611e+06
-1.205163348169743316e+06
-1.201809626481207786e+06
-1.206553827935536159e+06
-1.202995843766793609e+06
-1.207768036417640280e+06
-1.204006491214182694e+06
-1.208785299706924241e+06
-1.204855877583967755e+06
-1.209620865555070108e+06
-1.205569161883630324e+06
-1.210294212341450388e+06
-1.206160705057609593e+06
-1.210814492555239936e+06
-1.206631361802286003e+06
-1.211183808048610343e+06
