-3.602576544589483660e+02
-3.397000354883060140e+02
-3.369394994963924432e+02
-3.234815884530915469e+02
-3.132957864880145280e+02
-3.024571341654520893e+02
-2.911287951352562118e+02
-2.784824631203479726e+02
-2.633275002404480460e+02
-2.582560027143556454e+02
-2.514186001215396118e+02
-2.496134320798554711e+02
-2.493010312686755015e+02
-2.470291550983900493e+02
-2.471675319694079462e+02
-2.436855119346813865e+02
-2.433501785963740929e+02
-2.427364743389327941e+02
-2.427734701022959882e+02
-2.457191624042164619e+02
-2.406198083538997992e+02
-2.438672987441247244e+02
-2.378340716476773480e+02
-2.393156380471730245e+02
-2.347317097177209178e+02
-2.392274299080608273e+02
-2.351895331749840636e+02
-2.426981001263972644e+02
-2.393972097958426559e+02
-2.416605948066153360e+02
