-8.669047058129481798e+01
-6.869062821174097166e+01
-7.065027611169929855e+01
-6.589218480681441292e+01
-6.268931843951887117e+01
-5.936299881661267364e+01
-5.567895817288314220e+01
-5.341978771342426313e+01
-4.651768106758743215e+01
-4.604156725603545652e+01
-4.232482751906956508e+01
-4.178216727938325192e+01
-4.265227805701104558e+01
-4.231068147784637290e+01
-4.278387321059249615e+01
-3.988125023982642858e+01
-3.981815111485025227e+01
-4.078377710243963605e+01
-4.040115710504085200e+01
-4.430780982566230364e+01
-3.932798356456709854e+01
-4.369448437236282246e+01
-3.887150264351032547e+01
-4.102780197101863990e+01
-3.802370682353546272e+01
-3.992999771827575728e+01
-3.758410370581290749e+01
-4.092718940542670936e+01
-3.802433180984318284e+01
-4.039916458913333486e+01
