-7.762971546867794359e+01
-7.762971546867794359e+01
-7.762971546867795780e+01
-7.762971546867794359e+01
-7.762971546867794359e+01
-7.762971546867794359e+01
-7.762971546867795780e+01
-7.762971546867794359e+01
-7.762971546867795780e+01
-7.762971546867795780e+01
-7.762971546867794359e+01
-7.762971546867794359e+01
-7.762971546867794359e+01
-7.762971546867794359e+01
-7.762971546867795780e+01
-7.762971546867794359e+01
-7.762971546867794359e+01
-7.762971546867795780e+01
-7.762971546867795780e+01
-7.762971546867794359e+01
-7.762971546867794359e+01
-7.762971546867794359e+01
-7.762971546867792938e+01
-7.762971546867794359e+01
-7.762971546867794359e+01
-7.762971546867794359e+01
-7.762971546867792938e+01
-7.762971546867794359e+01
-7.762971546867794359e+01
-7.762971546867794359e+01
