-6.957145659023419171e+01
-7.067695424058936737e+01
-6.641015552191805682e+01
-6.205569973615629209e+01
-5.824678553366589284e+01
-5.462012754579014029e+01
-5.130906358110942023e+01
-4.495126667837614320e+01
-4.238971191393347482e+01
-3.892186308656631866e+01
-3.917816649413092733e+01
-3.802965381437920200e+01
-3.803837375889965244e+01
-3.618715078573342225e+01
-3.635475202400052552e+01
-3.531270873354629458e+01
-3.730145852035911958e+01
-3.538757555194115412e+01
-3.713249864691188407e+01
-3.373793736199709770e+01
-3.598155344463204131e+01
-3.263506746743086495e+01
-3.425797248769740122e+01
-3.265906664127974324e+01
-3.284630844122150961e+01
-3.476526790516114573e+01
-3.352973218398871325e+01
-3.703293871581891494e+01
-3.535299329638885979e+01
-3.612293945067071377e+01
