-1.263660118187413275e+02
-1.227027375672976746e+02
-1.222493523940970874e+02
-1.179039884414428627e+02
-1.147299670461518133e+02
-1.108442923343712891e+02
-1.065110579125856844e+02
-1.024816932598696440e+02
-9.679039179024923101e+01
-9.566285690307591949e+01
-9.228589063966114736e+01
-9.217189551741502385e+01
-9.098066398408680300e+01
-9.090160736613228210e+01
-9.039919126613696676e+01
-9.086183749263069842e+01
-8.860085349248679165e+01
-8.893540621587405326e+01
-8.761009888166529436e+01
-9.004369974787906017e+01
-8.768055587602273704e+01
-8.990803143565310052e+01
-8.707488104779164928e+01
-8.799905396619671194e+01
-8.623197898428601604e+01
-8.690244881594594517e+01
-8.644598181650448510e+01
-8.710825653647370359e+01
-8.839016922093267681e+01
-8.750877529813334377e+01
